<?xml version="1.0" encoding="UTF-8"?>
<!-- Generated by org.testng.reporters.JUnitReportReporter -->
<testsuite hostname="CT-C02D52MCMD6P" failures="0" tests="1" name="org.selenium.pom.tests.ZimmerHomePageTest" time="10.733" errors="0" timestamp="2023-04-04T11:39:50 PDT" skipped="0">
  <testcase classname="org.selenium.pom.tests.ZimmerHomePageTest" name="verifyPrivacyNoticePage" time="10.733"/>
  <system-out/>
</testsuite> <!-- org.selenium.pom.tests.ZimmerHomePageTest -->
